\/home/pb/Public/kf5rc/Tier 3/kactivities-stats/src/kactivities-stats-v5.45.0-rc1/src/query.h:\71: \warning: Member Query(Terms::Select selection=Terms::AllResources) (function) of class KActivities::Stats::Query is not documented.
\/home/pb/Public/kf5rc/Tier 3/kactivities-stats/src/kactivities-stats-v5.45.0-rc1/src/query.h:\74: \warning: Member Query(Query &&source) (function) of class KActivities::Stats::Query is not documented.
\/home/pb/Public/kf5rc/Tier 3/kactivities-stats/src/kactivities-stats-v5.45.0-rc1/src/query.h:\75: \warning: Member Query(const Query &source) (function) of class KActivities::Stats::Query is not documented.
\/home/pb/Public/kf5rc/Tier 3/kactivities-stats/src/kactivities-stats-v5.45.0-rc1/src/query.h:\86: \warning: Member activities() const (function) of class KActivities::Stats::Query is not documented.
\/home/pb/Public/kf5rc/Tier 3/kactivities-stats/src/kactivities-stats-v5.45.0-rc1/src/query.h:\97: \warning: Member addActivities(const QStringList &activities) (function) of class KActivities::Stats::Query is not documented.
\/home/pb/Public/kf5rc/Tier 3/kactivities-stats/src/kactivities-stats-v5.45.0-rc1/src/query.h:\96: \warning: Member addAgents(const QStringList &agents) (function) of class KActivities::Stats::Query is not documented.
\/home/pb/Public/kf5rc/Tier 3/kactivities-stats/src/kactivities-stats-v5.45.0-rc1/src/query.h:\95: \warning: Member addTypes(const QStringList &types) (function) of class KActivities::Stats::Query is not documented.
\/home/pb/Public/kf5rc/Tier 3/kactivities-stats/src/kactivities-stats-v5.45.0-rc1/src/query.h:\98: \warning: Member addUrlFilters(const QStringList &urlFilters) (function) of class KActivities::Stats::Query is not documented.
\/home/pb/Public/kf5rc/Tier 3/kactivities-stats/src/kactivities-stats-v5.45.0-rc1/src/query.h:\85: \warning: Member agents() const (function) of class KActivities::Stats::Query is not documented.
\/home/pb/Public/kf5rc/Tier 3/kactivities-stats/src/kactivities-stats-v5.45.0-rc1/src/query.h:\105: \warning: Member clearActivities() (function) of class KActivities::Stats::Query is not documented.
\/home/pb/Public/kf5rc/Tier 3/kactivities-stats/src/kactivities-stats-v5.45.0-rc1/src/query.h:\104: \warning: Member clearAgents() (function) of class KActivities::Stats::Query is not documented.
\/home/pb/Public/kf5rc/Tier 3/kactivities-stats/src/kactivities-stats-v5.45.0-rc1/src/query.h:\103: \warning: Member clearTypes() (function) of class KActivities::Stats::Query is not documented.
\/home/pb/Public/kf5rc/Tier 3/kactivities-stats/src/kactivities-stats-v5.45.0-rc1/src/query.h:\106: \warning: Member clearUrlFilters() (function) of class KActivities::Stats::Query is not documented.
\/home/pb/Public/kf5rc/Tier 3/kactivities-stats/src/kactivities-stats-v5.45.0-rc1/src/query.h:\91: \warning: Member limit() const (function) of class KActivities::Stats::Query is not documented.
\/home/pb/Public/kf5rc/Tier 3/kactivities-stats/src/kactivities-stats-v5.45.0-rc1/src/query.h:\90: \warning: Member offset() const (function) of class KActivities::Stats::Query is not documented.
\/home/pb/Public/kf5rc/Tier 3/kactivities-stats/src/kactivities-stats-v5.45.0-rc1/src/query.h:\81: \warning: Member operator!=(const Query &right) const (function) of class KActivities::Stats::Query is not documented.
\/home/pb/Public/kf5rc/Tier 3/kactivities-stats/src/kactivities-stats-v5.45.0-rc1/src/query.h:\76: \warning: Member operator=(Query source) (function) of class KActivities::Stats::Query is not documented.
\/home/pb/Public/kf5rc/Tier 3/kactivities-stats/src/kactivities-stats-v5.45.0-rc1/src/query.h:\80: \warning: Member operator==(const Query &right) const (function) of class KActivities::Stats::Query is not documented.
\/home/pb/Public/kf5rc/Tier 3/kactivities-stats/src/kactivities-stats-v5.45.0-rc1/src/query.h:\89: \warning: Member ordering() const (function) of class KActivities::Stats::Query is not documented.
\/home/pb/Public/kf5rc/Tier 3/kactivities-stats/src/kactivities-stats-v5.45.0-rc1/src/query.h:\110: \warning: Member removeActivities(const QStringList &activities) (function) of class KActivities::Stats::Query is not documented.
\/home/pb/Public/kf5rc/Tier 3/kactivities-stats/src/kactivities-stats-v5.45.0-rc1/src/query.h:\109: \warning: Member removeAgents(const QStringList &agents) (function) of class KActivities::Stats::Query is not documented.
\/home/pb/Public/kf5rc/Tier 3/kactivities-stats/src/kactivities-stats-v5.45.0-rc1/src/query.h:\108: \warning: Member removeTypes(const QStringList &types) (function) of class KActivities::Stats::Query is not documented.
\/home/pb/Public/kf5rc/Tier 3/kactivities-stats/src/kactivities-stats-v5.45.0-rc1/src/query.h:\111: \warning: Member removeUrlFilters(const QStringList &urlFilters) (function) of class KActivities::Stats::Query is not documented.
\/home/pb/Public/kf5rc/Tier 3/kactivities-stats/src/kactivities-stats-v5.45.0-rc1/src/query.h:\83: \warning: Member selection() const (function) of class KActivities::Stats::Query is not documented.
\/home/pb/Public/kf5rc/Tier 3/kactivities-stats/src/kactivities-stats-v5.45.0-rc1/src/query.h:\101: \warning: Member setLimit(int limit) (function) of class KActivities::Stats::Query is not documented.
\/home/pb/Public/kf5rc/Tier 3/kactivities-stats/src/kactivities-stats-v5.45.0-rc1/src/query.h:\100: \warning: Member setOffset(int offset) (function) of class KActivities::Stats::Query is not documented.
\/home/pb/Public/kf5rc/Tier 3/kactivities-stats/src/kactivities-stats-v5.45.0-rc1/src/query.h:\99: \warning: Member setOrdering(Terms::Order ordering) (function) of class KActivities::Stats::Query is not documented.
\/home/pb/Public/kf5rc/Tier 3/kactivities-stats/src/kactivities-stats-v5.45.0-rc1/src/query.h:\93: \warning: Member setSelection(Terms::Select selection) (function) of class KActivities::Stats::Query is not documented.
\/home/pb/Public/kf5rc/Tier 3/kactivities-stats/src/kactivities-stats-v5.45.0-rc1/src/query.h:\84: \warning: Member types() const (function) of class KActivities::Stats::Query is not documented.
\/home/pb/Public/kf5rc/Tier 3/kactivities-stats/src/kactivities-stats-v5.45.0-rc1/src/query.h:\88: \warning: Member urlFilters() const (function) of class KActivities::Stats::Query is not documented.
\/home/pb/Public/kf5rc/Tier 3/kactivities-stats/src/kactivities-stats-v5.45.0-rc1/src/query.h:\158: \warning: Member operator|(const Query &query, Term &&term) (friend) of class KActivities::Stats::Query is not documented.
\/home/pb/Public/kf5rc/Tier 3/kactivities-stats/src/kactivities-stats-v5.45.0-rc1/src/query.h:\167: \warning: Member operator|(Query &&query, Term &&term) (friend) of class KActivities::Stats::Query is not documented.
\/home/pb/Public/kf5rc/Tier 3/kactivities-stats/src/kactivities-stats-v5.45.0-rc1/src/resultmodel.h:\54: \warning: Member Roles (enumeration) of class KActivities::Stats::ResultModel is not documented.
\/home/pb/Public/kf5rc/Tier 3/kactivities-stats/src/kactivities-stats-v5.45.0-rc1/src/resultmodel.h:\50: \warning: Member ResultModel(Query query, QObject *parent=nullptr) (function) of class KActivities::Stats::ResultModel is not documented.
\/home/pb/Public/kf5rc/Tier 3/kactivities-stats/src/kactivities-stats-v5.45.0-rc1/src/resultmodel.h:\51: \warning: Member ResultModel(Query query, const QString &clientId, QObject *parent=nullptr) (function) of class KActivities::Stats::ResultModel is not documented.
\/home/pb/Public/kf5rc/Tier 3/kactivities-stats/src/kactivities-stats-v5.45.0-rc1/src/resultmodel.h:\74: \warning: Member canFetchMore(const QModelIndex &parent) const override (function) of class KActivities::Stats::ResultModel is not documented.
\/home/pb/Public/kf5rc/Tier 3/kactivities-stats/src/kactivities-stats-v5.45.0-rc1/src/resultmodel.h:\66: \warning: Member data(const QModelIndex &item, int role=Qt::DisplayRole) const override (function) of class KActivities::Stats::ResultModel is not documented.
\/home/pb/Public/kf5rc/Tier 3/kactivities-stats/src/kactivities-stats-v5.45.0-rc1/src/resultmodel.h:\73: \warning: Member fetchMore(const QModelIndex &parent) override (function) of class KActivities::Stats::ResultModel is not documented.
\/home/pb/Public/kf5rc/Tier 3/kactivities-stats/src/kactivities-stats-v5.45.0-rc1/src/resultmodel.h:\70: \warning: Member headerData(int section, Qt::Orientation orientation, int role=Qt::DisplayRole) const override (function) of class KActivities::Stats::ResultModel is not documented.
\/home/pb/Public/kf5rc/Tier 3/kactivities-stats/src/kactivities-stats-v5.45.0-rc1/src/resultmodel.h:\76: \warning: Member linkToActivity(const QUrl &resource, const Terms::Activity &activity=Terms::Activity(QStringList()), const Terms::Agent &agent=Terms::Agent(QStringList())) (function) of class KActivities::Stats::ResultModel is not documented.
\/home/pb/Public/kf5rc/Tier 3/kactivities-stats/src/kactivities-stats-v5.45.0-rc1/src/resultmodel.h:\68: \warning: Member roleNames() const override (function) of class KActivities::Stats::ResultModel is not documented.
\/home/pb/Public/kf5rc/Tier 3/kactivities-stats/src/kactivities-stats-v5.45.0-rc1/src/resultmodel.h:\64: \warning: Member rowCount(const QModelIndex &parent=QModelIndex()) const override (function) of class KActivities::Stats::ResultModel is not documented.
\/home/pb/Public/kf5rc/Tier 3/kactivities-stats/src/kactivities-stats-v5.45.0-rc1/src/resultmodel.h:\82: \warning: Member unlinkFromActivity(const QUrl &resource, const Terms::Activity &activity=Terms::Activity(QStringList()), const Terms::Agent &agent=Terms::Agent(QStringList())) (function) of class KActivities::Stats::ResultModel is not documented.
\/home/pb/Public/kf5rc/Tier 3/kactivities-stats/src/kactivities-stats-v5.45.0-rc1/src/resultmodel.h:\92: \warning: parameters of member KActivities::Stats::ResultModel::forgetResource are not (all) documented
\/home/pb/Public/kf5rc/Tier 3/kactivities-stats/src/kactivities-stats-v5.45.0-rc1/src/resultmodel.h:\97: \warning: parameters of member KActivities::Stats::ResultModel::forgetResource are not (all) documented
\/home/pb/Public/kf5rc/Tier 3/kactivities-stats/src/kactivities-stats-v5.45.0-rc1/src/resultmodel.h:\114: \warning: parameters of member KActivities::Stats::ResultModel::setResultPosition are not (all) documented
\/home/pb/Public/kf5rc/Tier 3/kactivities-stats/src/kactivities-stats-v5.45.0-rc1/src/resultmodel.h:\125: \warning: parameters of member KActivities::Stats::ResultModel::sortItems are not (all) documented
\/home/pb/Public/kf5rc/Tier 3/kactivities-stats/src/kactivities-stats-v5.45.0-rc1/src/resultset.h:\108: \warning: Member ResultSet(ResultSet &&source) (function) of class KActivities::Stats::ResultSet is not documented.
\/home/pb/Public/kf5rc/Tier 3/kactivities-stats/src/kactivities-stats-v5.45.0-rc1/src/resultset.h:\109: \warning: Member ResultSet(const ResultSet &source) (function) of class KActivities::Stats::ResultSet is not documented.
\/home/pb/Public/kf5rc/Tier 3/kactivities-stats/src/kactivities-stats-v5.45.0-rc1/src/resultset.h:\110: \warning: Member operator=(ResultSet source) (function) of class KActivities::Stats::ResultSet is not documented.
\/home/pb/Public/kf5rc/Tier 3/kactivities-stats/src/kactivities-stats-v5.45.0-rc1/src/resultset.h:\106: \warning: parameters of member KActivities::Stats::ResultSet::ResultSet are not (all) documented
\/home/pb/Public/kf5rc/Tier 3/kactivities-stats/src/kactivities-stats-v5.45.0-rc1/src/resultset.h:\200: \warning: return type of member KActivities::Stats::ResultSet::cbegin is not documented
\/home/pb/Public/kf5rc/Tier 3/kactivities-stats/src/kactivities-stats-v5.45.0-rc1/src/resultset.h:\204: \warning: return type of member KActivities::Stats::ResultSet::cend is not documented
\/home/pb/Public/kf5rc/Tier 3/kactivities-stats/src/kactivities-stats-v5.45.0-rc1/src/resultset.h:\209: \warning: return type of member KActivities::Stats::ResultSet::constBegin is not documented
\/home/pb/Public/kf5rc/Tier 3/kactivities-stats/src/kactivities-stats-v5.45.0-rc1/src/resultset.h:\213: \warning: return type of member KActivities::Stats::ResultSet::constEnd is not documented
\/home/pb/Public/kf5rc/Tier 3/kactivities-stats/src/kactivities-stats-v5.45.0-rc1/src/resultset.h:\69: \warning: Member LinkStatus (enumeration) of class KActivities::Stats::ResultSet::Result is not documented.
\/home/pb/Public/kf5rc/Tier 3/kactivities-stats/src/kactivities-stats-v5.45.0-rc1/src/resultset.h:\65: \warning: Member Result(Result &&result) (function) of class KActivities::Stats::ResultSet::Result is not documented.
\/home/pb/Public/kf5rc/Tier 3/kactivities-stats/src/kactivities-stats-v5.45.0-rc1/src/resultset.h:\66: \warning: Member Result(const Result &result) (function) of class KActivities::Stats::ResultSet::Result is not documented.
\/home/pb/Public/kf5rc/Tier 3/kactivities-stats/src/kactivities-stats-v5.45.0-rc1/src/resultset.h:\67: \warning: Member operator=(Result result) (function) of class KActivities::Stats::ResultSet::Result is not documented.
\/home/pb/Public/kf5rc/Tier 3/kactivities-stats/src/kactivities-stats-v5.45.0-rc1/src/resultset.h:\89: \warning: Member setFirstUpdate(uint firstUpdate) (function) of class KActivities::Stats::ResultSet::Result is not documented.
\/home/pb/Public/kf5rc/Tier 3/kactivities-stats/src/kactivities-stats-v5.45.0-rc1/src/resultset.h:\88: \warning: Member setLastUpdate(uint lastUpdate) (function) of class KActivities::Stats::ResultSet::Result is not documented.
\/home/pb/Public/kf5rc/Tier 3/kactivities-stats/src/kactivities-stats-v5.45.0-rc1/src/resultset.h:\91: \warning: Member setLinkedActivities(QStringList activities) (function) of class KActivities::Stats::ResultSet::Result is not documented.
\/home/pb/Public/kf5rc/Tier 3/kactivities-stats/src/kactivities-stats-v5.45.0-rc1/src/resultset.h:\90: \warning: Member setLinkStatus(LinkStatus linkedStatus) (function) of class KActivities::Stats::ResultSet::Result is not documented.
\/home/pb/Public/kf5rc/Tier 3/kactivities-stats/src/kactivities-stats-v5.45.0-rc1/src/resultset.h:\86: \warning: Member setMimetype(QString mimetype) (function) of class KActivities::Stats::ResultSet::Result is not documented.
\/home/pb/Public/kf5rc/Tier 3/kactivities-stats/src/kactivities-stats-v5.45.0-rc1/src/resultset.h:\84: \warning: Member setResource(QString resource) (function) of class KActivities::Stats::ResultSet::Result is not documented.
\/home/pb/Public/kf5rc/Tier 3/kactivities-stats/src/kactivities-stats-v5.45.0-rc1/src/resultset.h:\87: \warning: Member setScore(double score) (function) of class KActivities::Stats::ResultSet::Result is not documented.
\/home/pb/Public/kf5rc/Tier 3/kactivities-stats/src/kactivities-stats-v5.45.0-rc1/src/resultset.h:\85: \warning: Member setTitle(QString title) (function) of class KActivities::Stats::ResultSet::Result is not documented.
\/home/pb/Public/kf5rc/Tier 3/kactivities-stats/src/kactivities-stats-v5.45.0-rc1/src/resultset.h:\80: \warning: return type of member KActivities::Stats::ResultSet::Result::firstUpdate is not documented
\/home/pb/Public/kf5rc/Tier 3/kactivities-stats/src/kactivities-stats-v5.45.0-rc1/src/resultset.h:\79: \warning: return type of member KActivities::Stats::ResultSet::Result::lastUpdate is not documented
\/home/pb/Public/kf5rc/Tier 3/kactivities-stats/src/kactivities-stats-v5.45.0-rc1/src/resultset.h:\82: \warning: return type of member KActivities::Stats::ResultSet::Result::linkedActivities is not documented
\/home/pb/Public/kf5rc/Tier 3/kactivities-stats/src/kactivities-stats-v5.45.0-rc1/src/resultset.h:\81: \warning: return type of member KActivities::Stats::ResultSet::Result::linkStatus is not documented
\/home/pb/Public/kf5rc/Tier 3/kactivities-stats/src/kactivities-stats-v5.45.0-rc1/src/resultset.h:\77: \warning: return type of member KActivities::Stats::ResultSet::Result::mimetype is not documented
\/home/pb/Public/kf5rc/Tier 3/kactivities-stats/src/kactivities-stats-v5.45.0-rc1/src/resultset.h:\75: \warning: return type of member KActivities::Stats::ResultSet::Result::resource is not documented
\/home/pb/Public/kf5rc/Tier 3/kactivities-stats/src/kactivities-stats-v5.45.0-rc1/src/resultset.h:\78: \warning: return type of member KActivities::Stats::ResultSet::Result::score is not documented
\/home/pb/Public/kf5rc/Tier 3/kactivities-stats/src/kactivities-stats-v5.45.0-rc1/src/resultset.h:\76: \warning: return type of member KActivities::Stats::ResultSet::Result::title is not documented
\/home/pb/Public/kf5rc/Tier 3/kactivities-stats/src/kactivities-stats-v5.45.0-rc1/src/resultwatcher.h:\44: \warning: Member ResultWatcher(Query query, QObject *parent=nullptr) (function) of class KActivities::Stats::ResultWatcher is not documented.
\/home/pb/Public/kf5rc/Tier 3/kactivities-stats/src/kactivities-stats-v5.45.0-rc1/src/resultwatcher.h:\105: \warning: Member linkToActivity(const QUrl &resource, const Terms::Activity &activity=Terms::Activity(QStringList()), const Terms::Agent &agent=Terms::Agent(QStringList())) (function) of class KActivities::Stats::ResultWatcher is not documented.
\/home/pb/Public/kf5rc/Tier 3/kactivities-stats/src/kactivities-stats-v5.45.0-rc1/src/resultwatcher.h:\111: \warning: Member unlinkFromActivity(const QUrl &resource, const Terms::Activity &activity=Terms::Activity(QStringList()), const Terms::Agent &agent=Terms::Agent(QStringList())) (function) of class KActivities::Stats::ResultWatcher is not documented.
\/home/pb/Public/kf5rc/Tier 3/kactivities-stats/src/kactivities-stats-v5.45.0-rc1/src/resultwatcher.h:\68: \warning: parameters of member KActivities::Stats::ResultWatcher::resultLinked are not (all) documented
\/home/pb/Public/kf5rc/Tier 3/kactivities-stats/src/kactivities-stats-v5.45.0-rc1/src/resultwatcher.h:\57: \warning: argument 'result' of command @param is not found in the argument list of KActivities::Stats::ResultWatcher::resultRemoved(const QString &resource)
\/home/pb/Public/kf5rc/Tier 3/kactivities-stats/src/kactivities-stats-v5.45.0-rc1/src/resultwatcher.h:\63: \warning: The following parameters of KActivities::Stats::ResultWatcher::resultRemoved(const QString &resource) are not documented:
  parameter 'resource'
\/home/pb/Public/kf5rc/Tier 3/kactivities-stats/src/kactivities-stats-v5.45.0-rc1/src/resultwatcher.h:\48: \warning: argument 'result' of command @param is not found in the argument list of KActivities::Stats::ResultWatcher::resultScoreUpdated(const QString &resource, double score, uint lastUpdate, uint firstUpdate)
\/home/pb/Public/kf5rc/Tier 3/kactivities-stats/src/kactivities-stats-v5.45.0-rc1/src/resultwatcher.h:\54: \warning: The following parameters of KActivities::Stats::ResultWatcher::resultScoreUpdated(const QString &resource, double score, uint lastUpdate, uint firstUpdate) are not documented:
  parameter 'resource'
  parameter 'score'
  parameter 'lastUpdate'
  parameter 'firstUpdate'
\/home/pb/Public/kf5rc/Tier 3/kactivities-stats/src/kactivities-stats-v5.45.0-rc1/src/resultwatcher.h:\73: \warning: parameters of member KActivities::Stats::ResultWatcher::resultUnlinked are not (all) documented
\/home/pb/Public/kf5rc/Tier 3/kactivities-stats/src/kactivities-stats-v5.45.0-rc1/src/terms.h:\162: \warning: Member Activity(QStringList activities) (function) of class KActivities::Stats::Terms::Activity is not documented.
\/home/pb/Public/kf5rc/Tier 3/kactivities-stats/src/kactivities-stats-v5.45.0-rc1/src/terms.h:\163: \warning: Member Activity(QString activity) (function) of class KActivities::Stats::Terms::Activity is not documented.
\/home/pb/Public/kf5rc/Tier 3/kactivities-stats/src/kactivities-stats-v5.45.0-rc1/src/terms.h:\165: \warning: Member values (variable) of class KActivities::Stats::Terms::Activity is not documented.
\/home/pb/Public/kf5rc/Tier 3/kactivities-stats/src/kactivities-stats-v5.45.0-rc1/src/terms.h:\143: \warning: return type of member KActivities::Stats::Terms::Activity::any is not documented
\/home/pb/Public/kf5rc/Tier 3/kactivities-stats/src/kactivities-stats-v5.45.0-rc1/src/terms.h:\153: \warning: return type of member KActivities::Stats::Terms::Activity::current is not documented
\/home/pb/Public/kf5rc/Tier 3/kactivities-stats/src/kactivities-stats-v5.45.0-rc1/src/terms.h:\148: \warning: return type of member KActivities::Stats::Terms::Activity::global is not documented
\/home/pb/Public/kf5rc/Tier 3/kactivities-stats/src/kactivities-stats-v5.45.0-rc1/src/terms.h:\129: \warning: Member Agent(QStringList agents) (function) of class KActivities::Stats::Terms::Agent is not documented.
\/home/pb/Public/kf5rc/Tier 3/kactivities-stats/src/kactivities-stats-v5.45.0-rc1/src/terms.h:\130: \warning: Member Agent(QString agent) (function) of class KActivities::Stats::Terms::Agent is not documented.
\/home/pb/Public/kf5rc/Tier 3/kactivities-stats/src/kactivities-stats-v5.45.0-rc1/src/terms.h:\132: \warning: Member values (variable) of class KActivities::Stats::Terms::Agent is not documented.
\/home/pb/Public/kf5rc/Tier 3/kactivities-stats/src/kactivities-stats-v5.45.0-rc1/src/terms.h:\110: \warning: return type of member KActivities::Stats::Terms::Agent::any is not documented
\/home/pb/Public/kf5rc/Tier 3/kactivities-stats/src/kactivities-stats-v5.45.0-rc1/src/terms.h:\120: \warning: return type of member KActivities::Stats::Terms::Agent::current is not documented
\/home/pb/Public/kf5rc/Tier 3/kactivities-stats/src/kactivities-stats-v5.45.0-rc1/src/terms.h:\115: \warning: return type of member KActivities::Stats::Terms::Agent::global is not documented
\/home/pb/Public/kf5rc/Tier 3/kactivities-stats/src/kactivities-stats-v5.45.0-rc1/src/terms.h:\66: \warning: Member Limit(int value) (function) of class KActivities::Stats::Terms::Limit is not documented.
\/home/pb/Public/kf5rc/Tier 3/kactivities-stats/src/kactivities-stats-v5.45.0-rc1/src/terms.h:\67: \warning: Member all() (function) of class KActivities::Stats::Terms::Limit is not documented.
\/home/pb/Public/kf5rc/Tier 3/kactivities-stats/src/kactivities-stats-v5.45.0-rc1/src/terms.h:\68: \warning: Member value (variable) of class KActivities::Stats::Terms::Limit is not documented.
\/home/pb/Public/kf5rc/Tier 3/kactivities-stats/src/kactivities-stats-v5.45.0-rc1/src/terms.h:\76: \warning: Member Offset(int value) (function) of class KActivities::Stats::Terms::Offset is not documented.
\/home/pb/Public/kf5rc/Tier 3/kactivities-stats/src/kactivities-stats-v5.45.0-rc1/src/terms.h:\77: \warning: Member value (variable) of class KActivities::Stats::Terms::Offset is not documented.
\/home/pb/Public/kf5rc/Tier 3/kactivities-stats/src/kactivities-stats-v5.45.0-rc1/src/terms.h:\96: \warning: Member Type(QStringList types) (function) of class KActivities::Stats::Terms::Type is not documented.
\/home/pb/Public/kf5rc/Tier 3/kactivities-stats/src/kactivities-stats-v5.45.0-rc1/src/terms.h:\97: \warning: Member Type(QString type) (function) of class KActivities::Stats::Terms::Type is not documented.
\/home/pb/Public/kf5rc/Tier 3/kactivities-stats/src/kactivities-stats-v5.45.0-rc1/src/terms.h:\99: \warning: Member values (variable) of class KActivities::Stats::Terms::Type is not documented.
\/home/pb/Public/kf5rc/Tier 3/kactivities-stats/src/kactivities-stats-v5.45.0-rc1/src/terms.h:\87: \warning: return type of member KActivities::Stats::Terms::Type::any is not documented
\/home/pb/Public/kf5rc/Tier 3/kactivities-stats/src/kactivities-stats-v5.45.0-rc1/src/terms.h:\199: \warning: Member Url(QStringList urlPatterns) (function) of class KActivities::Stats::Terms::Url is not documented.
\/home/pb/Public/kf5rc/Tier 3/kactivities-stats/src/kactivities-stats-v5.45.0-rc1/src/terms.h:\200: \warning: Member Url(QString urlPattern) (function) of class KActivities::Stats::Terms::Url is not documented.
\/home/pb/Public/kf5rc/Tier 3/kactivities-stats/src/kactivities-stats-v5.45.0-rc1/src/terms.h:\202: \warning: Member values (variable) of class KActivities::Stats::Terms::Url is not documented.
\/home/pb/Public/kf5rc/Tier 3/kactivities-stats/src/kactivities-stats-v5.45.0-rc1/src/terms.h:\180: \warning: parameters of member KActivities::Stats::Terms::Url::contains are not (all) documented
\/home/pb/Public/kf5rc/Tier 3/kactivities-stats/src/kactivities-stats-v5.45.0-rc1/src/terms.h:\180: \warning: return type of member KActivities::Stats::Terms::Url::contains is not documented
\/home/pb/Public/kf5rc/Tier 3/kactivities-stats/src/kactivities-stats-v5.45.0-rc1/src/terms.h:\190: \warning: return type of member KActivities::Stats::Terms::Url::file is not documented
\/home/pb/Public/kf5rc/Tier 3/kactivities-stats/src/kactivities-stats-v5.45.0-rc1/src/terms.h:\185: \warning: return type of member KActivities::Stats::Terms::Url::localFile is not documented
\/home/pb/Public/kf5rc/Tier 3/kactivities-stats/src/kactivities-stats-v5.45.0-rc1/src/terms.h:\175: \warning: parameters of member KActivities::Stats::Terms::Url::startsWith are not (all) documented
\/home/pb/Public/kf5rc/Tier 3/kactivities-stats/src/kactivities-stats-v5.45.0-rc1/src/terms.h:\175: \warning: return type of member KActivities::Stats::Terms::Url::startsWith is not documented
